<?xml version="1.0" encoding="UTF-8" ?>
<testsuite tests="8" failures="0" name="newTest" time="0.344" errors="0" skipped="0">
  <properties>
[...]
</properties>
  <testcase classname="newTest" name="factorialFalsePositive" time="0.328"/>
  <testcase classname="newTest" name="sqrootFalsePositive" time="0.006"/>
  <testcase classname="newTest" name="logTruePositive" time="0"/>
  <testcase classname="newTest" name="factorialTruePositive" time="0"/>
  <testcase classname="newTest" name="powerFalsePositive" time="0.01"/>
  <testcase classname="newTest" name="powerTruePositive" time="0"/>
  <testcase classname="newTest" name="logFalsePositive" time="0"/>
  <testcase classname="newTest" name="sqrootTruePositive" time="0"/>
</testsuite>